<?xml version="1.0" encoding="UTF-8"?>
<testng-results skipped="0" failed="0" total="1" passed="1">
  <reporter-output>
  </reporter-output>
  <suite name="Suite" duration-ms="120337" started-at="2019-02-19T12:23:24Z" finished-at="2019-02-19T12:25:25Z">
    <groups>
    </groups>
    <test name="Test" duration-ms="120337" started-at="2019-02-19T12:23:24Z" finished-at="2019-02-19T12:25:25Z">
      <class name="TestCases.TestCases">
        <test-method status="PASS" signature="start()[pri:0, instance:TestCases.TestCases@33d512c1]" name="start" is-config="true" duration-ms="15" started-at="2019-02-19T17:53:24Z" finished-at="2019-02-19T17:53:24Z">
          <reporter-output>
          </reporter-output>
        </test-method> <!-- start -->
        <test-method status="PASS" signature="TC_009()[pri:0, instance:TestCases.TestCases@33d512c1]" name="TC_009" duration-ms="120320" started-at="2019-02-19T17:53:24Z" finished-at="2019-02-19T17:55:25Z">
          <reporter-output>
          </reporter-output>
        </test-method> <!-- TC_009 -->
      </class> <!-- TestCases.TestCases -->
    </test> <!-- Test -->
  </suite> <!-- Suite -->
</testng-results>
